2016-10-10 14:05:21,911 INFO org.apache.hadoop.mapred.JobTracker: STARTUP_MSG: 
/************************************************************
STARTUP_MSG: Starting JobTracker
STARTUP_MSG:   host = ubuntu/127.0.1.1
STARTUP_MSG:   args = []
STARTUP_MSG:   version = 0.20.2
STARTUP_MSG:   build = https://svn.apache.org/repos/asf/hadoop/common/branches/branch-0.20 -r 911707; compiled by 'chrisdo' on Fri Feb 19 08:07:34 UTC 2010
************************************************************/
2016-10-10 14:05:22,343 INFO org.apache.hadoop.mapred.JobTracker: Scheduler configured with (memSizeForMapSlotOnJT, memSizeForReduceSlotOnJT, limitMaxMemForMapTasks, limitMaxMemForReduceTasks) (-1, -1, -1, -1)
2016-10-10 14:05:22,523 FATAL org.apache.hadoop.mapred.JobTracker: java.lang.RuntimeException: Not a host:port pair: local
	at org.apache.hadoop.net.NetUtils.createSocketAddr(NetUtils.java:136)
	at org.apache.hadoop.net.NetUtils.createSocketAddr(NetUtils.java:123)
	at org.apache.hadoop.mapred.JobTracker.getAddress(JobTracker.java:1807)
	at org.apache.hadoop.mapred.JobTracker.<init>(JobTracker.java:1579)
	at org.apache.hadoop.mapred.JobTracker.startTracker(JobTracker.java:183)
	at org.apache.hadoop.mapred.JobTracker.startTracker(JobTracker.java:175)
	at org.apache.hadoop.mapred.JobTracker.main(JobTracker.java:3702)

2016-10-10 14:05:22,523 INFO org.apache.hadoop.mapred.JobTracker: SHUTDOWN_MSG: 
/************************************************************
SHUTDOWN_MSG: Shutting down JobTracker at ubuntu/127.0.1.1
************************************************************/
